Start testing: Mar 18 12:43 CDT
----------------------------------------------------------
1/1 Testing: FindUniqueTest.CodewarsAssertions
1/1 Test: FindUniqueTest.CodewarsAssertions
Command: "/Users/anthonypelusocook/sandbox/cpp/codewars/find_unique/tests/build/find_unique_test" "--gtest_filter=FindUniqueTest.CodewarsAssertions" "--gtest_also_run_disabled_tests"
Directory: /Users/anthonypelusocook/sandbox/cpp/codewars/find_unique/tests/build
"FindUniqueTest.CodewarsAssertions" start time: Mar 18 12:43 CDT
Output:
----------------------------------------------------------
Running main() from /Users/anthonypelusocook/sandbox/cpp/codewars/find_unique/tests/build/_deps/googletest-src/googletest/src/gtest_main.cc
Note: Google Test filter = FindUniqueTest.CodewarsAssertions
[==========] Running 1 test from 1 test suite.
[----------] Global test environment set-up.
[----------] 1 test from FindUniqueTest
[ RUN      ] FindUniqueTest.CodewarsAssertions
[       OK ] FindUniqueTest.CodewarsAssertions (0 ms)
[----------] 1 test from FindUniqueTest (0 ms total)

[----------] Global test environment tear-down
[==========] 1 test from 1 test suite ran. (0 ms total)
[  PASSED  ] 1 test.
<end of output>
Test time =   0.00 sec
----------------------------------------------------------
Test Passed.
"FindUniqueTest.CodewarsAssertions" end time: Mar 18 12:43 CDT
"FindUniqueTest.CodewarsAssertions" time elapsed: 00:00:00
----------------------------------------------------------

End testing: Mar 18 12:43 CDT
