Start testing: Mar 17 05:04 CDT
----------------------------------------------------------
1/1 Testing: FindOutlier.CodewarsAssertions
1/1 Test: FindOutlier.CodewarsAssertions
Command: "/Users/anthonypelusocook/sandbox/cpp/codewars/find_outlier/tests/build/find_outlier_test" "--gtest_filter=FindOutlier.CodewarsAssertions" "--gtest_also_run_disabled_tests"
Directory: /Users/anthonypelusocook/sandbox/cpp/codewars/find_outlier/tests/build
"FindOutlier.CodewarsAssertions" start time: Mar 17 05:04 CDT
Output:
----------------------------------------------------------
Running main() from /Users/anthonypelusocook/sandbox/cpp/codewars/find_outlier/tests/build/_deps/googletest-src/googletest/src/gtest_main.cc
Note: Google Test filter = FindOutlier.CodewarsAssertions
[==========] Running 1 test from 1 test suite.
[----------] Global test environment set-up.
[----------] 1 test from FindOutlier
[ RUN      ] FindOutlier.CodewarsAssertions
[       OK ] FindOutlier.CodewarsAssertions (0 ms)
[----------] 1 test from FindOutlier (0 ms total)

[----------] Global test environment tear-down
[==========] 1 test from 1 test suite ran. (0 ms total)
[  PASSED  ] 1 test.
<end of output>
Test time =   0.00 sec
----------------------------------------------------------
Test Passed.
"FindOutlier.CodewarsAssertions" end time: Mar 17 05:04 CDT
"FindOutlier.CodewarsAssertions" time elapsed: 00:00:00
----------------------------------------------------------

End testing: Mar 17 05:04 CDT
