Start testing: Mar 21 22:02 CDT
----------------------------------------------------------
1/1 Testing: SupermarketQueue.CodewarsAssertions
1/1 Test: SupermarketQueue.CodewarsAssertions
Command: "/Users/anthonypelusocook/sandbox/cpp/codewars/016_supermarket_queue/tests/build/supermarket_queue_test" "--gtest_filter=SupermarketQueue.CodewarsAssertions" "--gtest_also_run_disabled_tests"
Directory: /Users/anthonypelusocook/sandbox/cpp/codewars/016_supermarket_queue/tests/build
"SupermarketQueue.CodewarsAssertions" start time: Mar 21 22:02 CDT
Output:
----------------------------------------------------------
Running main() from /Users/anthonypelusocook/sandbox/cpp/codewars/016_supermarket_queue/tests/build/_deps/googletest-src/googletest/src/gtest_main.cc
Note: Google Test filter = SupermarketQueue.CodewarsAssertions
[==========] Running 1 test from 1 test suite.
[----------] Global test environment set-up.
[----------] 1 test from SupermarketQueue
[ RUN      ] SupermarketQueue.CodewarsAssertions
/Users/anthonypelusocook/sandbox/cpp/codewars/016_supermarket_queue/tests/supermarket_queue_test.cpp:14: Failure
Expected equality of these values:
  SupermarketQueue(input_1a, input_1b)
    Which is: 1
  0
/Users/anthonypelusocook/sandbox/cpp/codewars/016_supermarket_queue/tests/supermarket_queue_test.cpp:15: Failure
Expected equality of these values:
  SupermarketQueue(input_1a, input_1b)
    Which is: 1
  10
/Users/anthonypelusocook/sandbox/cpp/codewars/016_supermarket_queue/tests/supermarket_queue_test.cpp:16: Failure
Expected equality of these values:
  SupermarketQueue(input_1a, input_1b)
    Which is: 1
  9
/Users/anthonypelusocook/sandbox/cpp/codewars/016_supermarket_queue/tests/supermarket_queue_test.cpp:17: Failure
Expected equality of these values:
  SupermarketQueue(input_1a, input_1b)
    Which is: 1
  5
[  FAILED  ] SupermarketQueue.CodewarsAssertions (0 ms)
[----------] 1 test from SupermarketQueue (0 ms total)

[----------] Global test environment tear-down
[==========] 1 test from 1 test suite ran. (0 ms total)
[  PASSED  ] 0 tests.
[  FAILED  ] 1 test, listed below:
[  FAILED  ] SupermarketQueue.CodewarsAssertions

 1 FAILED TEST
<end of output>
Test time =   0.00 sec
----------------------------------------------------------
Test Failed.
"SupermarketQueue.CodewarsAssertions" end time: Mar 21 22:02 CDT
"SupermarketQueue.CodewarsAssertions" time elapsed: 00:00:00
----------------------------------------------------------

End testing: Mar 21 22:02 CDT
