Start testing: Mar 17 06:26 CDT
----------------------------------------------------------
1/1 Testing: NumberOfPeople.CodewarsAssertions
1/1 Test: NumberOfPeople.CodewarsAssertions
Command: "/Users/anthonypelusocook/sandbox/cpp/codewars/number_of_people/tests/build/number_of_people_test" "--gtest_filter=NumberOfPeople.CodewarsAssertions" "--gtest_also_run_disabled_tests"
Directory: /Users/anthonypelusocook/sandbox/cpp/codewars/number_of_people/tests/build
"NumberOfPeople.CodewarsAssertions" start time: Mar 17 06:26 CDT
Output:
----------------------------------------------------------
Running main() from /Users/anthonypelusocook/sandbox/cpp/codewars/number_of_people/tests/build/_deps/googletest-src/googletest/src/gtest_main.cc
Note: Google Test filter = NumberOfPeople.CodewarsAssertions
[==========] Running 1 test from 1 test suite.
[----------] Global test environment set-up.
[----------] 1 test from NumberOfPeople
[ RUN      ] NumberOfPeople.CodewarsAssertions
[       OK ] NumberOfPeople.CodewarsAssertions (0 ms)
[----------] 1 test from NumberOfPeople (0 ms total)

[----------] Global test environment tear-down
[==========] 1 test from 1 test suite ran. (0 ms total)
[  PASSED  ] 1 test.
<end of output>
Test time =   0.00 sec
----------------------------------------------------------
Test Passed.
"NumberOfPeople.CodewarsAssertions" end time: Mar 17 06:26 CDT
"NumberOfPeople.CodewarsAssertions" time elapsed: 00:00:00
----------------------------------------------------------

End testing: Mar 17 06:26 CDT
