Start testing: Mar 18 20:07 CDT
----------------------------------------------------------
1/1 Testing: ArithmeticProgression.CodewarsAssertions
1/1 Test: ArithmeticProgression.CodewarsAssertions
Command: "/Users/anthonypelusocook/sandbox/cpp/codewars/arithmetic_progression/tests/build/arithmetic_progression_test" "--gtest_filter=ArithmeticProgression.CodewarsAssertions" "--gtest_also_run_disabled_tests"
Directory: /Users/anthonypelusocook/sandbox/cpp/codewars/arithmetic_progression/tests/build
"ArithmeticProgression.CodewarsAssertions" start time: Mar 18 20:07 CDT
Output:
----------------------------------------------------------
Running main() from /Users/anthonypelusocook/sandbox/cpp/codewars/arithmetic_progression/tests/build/_deps/googletest-src/googletest/src/gtest_main.cc
Note: Google Test filter = ArithmeticProgression.CodewarsAssertions
[==========] Running 1 test from 1 test suite.
[----------] Global test environment set-up.
[----------] 1 test from ArithmeticProgression
[ RUN      ] ArithmeticProgression.CodewarsAssertions
[       OK ] ArithmeticProgression.CodewarsAssertions (0 ms)
[----------] 1 test from ArithmeticProgression (0 ms total)

[----------] Global test environment tear-down
[==========] 1 test from 1 test suite ran. (0 ms total)
[  PASSED  ] 1 test.
<end of output>
Test time =   0.00 sec
----------------------------------------------------------
Test Passed.
"ArithmeticProgression.CodewarsAssertions" end time: Mar 18 20:07 CDT
"ArithmeticProgression.CodewarsAssertions" time elapsed: 00:00:00
----------------------------------------------------------

End testing: Mar 18 20:07 CDT
