Start testing: Mar 20 08:50 CDT
----------------------------------------------------------
1/1 Testing: UniqueInOrder.CodewarsAssertions
1/1 Test: UniqueInOrder.CodewarsAssertions
Command: "/Users/anthonypelusocook/sandbox/cpp/codewars/013_unique_in_order/tests/build/unique_in_order_test" "--gtest_filter=UniqueInOrder.CodewarsAssertions" "--gtest_also_run_disabled_tests"
Directory: /Users/anthonypelusocook/sandbox/cpp/codewars/013_unique_in_order/tests/build
"UniqueInOrder.CodewarsAssertions" start time: Mar 20 08:50 CDT
Output:
----------------------------------------------------------
Running main() from /Users/anthonypelusocook/sandbox/cpp/codewars/013_unique_in_order/tests/build/_deps/googletest-src/googletest/src/gtest_main.cc
Note: Google Test filter = UniqueInOrder.CodewarsAssertions
[==========] Running 1 test from 1 test suite.
[----------] Global test environment set-up.
[----------] 1 test from UniqueInOrder
[ RUN      ] UniqueInOrder.CodewarsAssertions
[       OK ] UniqueInOrder.CodewarsAssertions (0 ms)
[----------] 1 test from UniqueInOrder (0 ms total)

[----------] Global test environment tear-down
[==========] 1 test from 1 test suite ran. (0 ms total)
[  PASSED  ] 1 test.
<end of output>
Test time =   0.00 sec
----------------------------------------------------------
Test Passed.
"UniqueInOrder.CodewarsAssertions" end time: Mar 20 08:50 CDT
"UniqueInOrder.CodewarsAssertions" time elapsed: 00:00:00
----------------------------------------------------------

End testing: Mar 20 08:50 CDT
